[*] Log: /sdcard/cfl_watch/logs/2026-01-07_12-05-30_runner.log
[*] Start ADB local on 127.0.0.1:37099
[*] Activation ADB TCP sur 127.0.0.1:37099 (root)
[*] Redémarrage adbd
[*] Attente adbd=running
[*] adb connect (retry) -> 127.0.0.1:37099
[*] connected to 127.0.0.1:37099
[*] getprop:
37099
running
[*] adb devices -l:
List of devices attached
127.0.0.1:37099        device product:blueline model:Pixel_3 device:blueline transport_id:1

[*] Tip: export ANDROID_SERIAL=127.0.0.1:37099
[*] Device list:
List of devices attached
127.0.0.1:37099        device product:blueline model:Pixel_3 device:blueline transport_id:1

[*] Disable Android animations (temporary)
[*] === RUN: LUXEMBOURG -> ARLON (SNAP_MODE=3) ===
[*] SNAP_DIR=/sdcard/cfl_watch/runs/2026-01-07_12-05-37_trip_LUXEMBOURG_to_ARLON (SNAP_MODE=3)
[*] Scenario: LUXEMBOURG -> ARLON (SNAP_MODE=3)
[*] CFL_CODE_DIR=/data/data/com.termux/files/home/cfl_watch
[*] CFL_BASE_DIR=/data/data/com.termux/files/home/cfl_watch
[*] CFL_TMP_DIR=/data/data/com.termux/files/home/.cache/cfl_watch
[*] CFL_REMOTE_TMP_DIR=/data/local/tmp/cfl_watch
[*] ui_dump: dump=2824ms cat=183ms total=3008ms -> /data/data/com.termux/files/home/.cache/cfl_watch/live_dump.xml
[*] snap: 12-05-40_00_launch (mode=3)
[*] snap: 12-05-44_01_before_tap_start (mode=3)
[*] ui_dump: dump=2290ms cat=176ms total=2467ms -> /data/data/com.termux/files/home/.cache/cfl_watch/live_dump.xml
[*] Tap start field (id) at 518,407
[*] snap: 12-05-50_02_after_tap_start (mode=3)
[*] Type start: LUXEMBOURG
[*] ui_dump: dump=2310ms cat=196ms total=2506ms -> /data/data/com.termux/files/home/.cache/cfl_watch/live_dump.xml
[*] ui_dump: dump=2305ms cat=191ms total=2497ms -> /data/data/com.termux/files/home/.cache/cfl_watch/live_dump.xml
[*] ui_dump: dump=2273ms cat=187ms total=2460ms -> /data/data/com.termux/files/home/.cache/cfl_watch/live_dump.xml
[!] wait_focused_resid timeout: resid=:id/input_start
[*] ui_dump: dump=3584ms cat=180ms total=3764ms -> /data/data/com.termux/files/home/.cache/cfl_watch/live_dump.xml
[*] snap: 12-06-06_03_after_type_start (mode=3)
[*] ui_dump: dump=2296ms cat=170ms total=2467ms -> /data/data/com.termux/files/home/.cache/cfl_watch/live_dump.xml
[*] Tap start suggestion (desc contains) at 540,700
[*] ui_dump: dump=2282ms cat=173ms total=2456ms -> /data/data/com.termux/files/home/.cache/cfl_watch/live_dump.xml
[*] ui_dump: dump=2329ms cat=160ms total=2489ms -> /data/data/com.termux/files/home/.cache/cfl_watch/live_dump.xml
[*] ui_dump: dump=2409ms cat=183ms total=2592ms -> /data/data/com.termux/files/home/.cache/cfl_watch/live_dump.xml
[*] ui_dump: dump=2329ms cat=167ms total=2496ms -> /data/data/com.termux/files/home/.cache/cfl_watch/live_dump.xml
[*] ui_dump: dump=2321ms cat=174ms total=2495ms -> /data/data/com.termux/files/home/.cache/cfl_watch/live_dump.xml
[!] wait_dump_grep timeout: regex=resource-id="[^"]*:id/input_target"
[*] ui_dump: dump=2369ms cat=202ms total=2571ms -> /data/data/com.termux/files/home/.cache/cfl_watch/live_dump.xml
[*] snap: 12-06-29_04_after_pick_start (mode=3)
[*] snap: 12-06-32_05_before_tap_destination (mode=3)
[*] ui_dump: dump=2336ms cat=167ms total=2503ms -> /data/data/com.termux/files/home/.cache/cfl_watch/live_dump.xml
[!] Selector introuvable: destination field (id) (criteria: resource-id=:id/input_target)
[*] Tap destination field (content-desc) at 534,473
[*] snap: 12-06-38_06_after_tap_destination (mode=3)
[*] Type destination: ARLON
[*] ui_dump: dump=2295ms cat=178ms total=2473ms -> /data/data/com.termux/files/home/.cache/cfl_watch/live_dump.xml
[*] ui_dump: dump=2289ms cat=152ms total=2441ms -> /data/data/com.termux/files/home/.cache/cfl_watch/live_dump.xml
[!] wait_focused_resid timeout: resid=:id/input_target
[*] ui_dump: dump=3565ms cat=158ms total=3723ms -> /data/data/com.termux/files/home/.cache/cfl_watch/live_dump.xml
[*] snap: 12-06-51_07_after_type_destination (mode=3)
[*] ui_dump: dump=2277ms cat=200ms total=2478ms -> /data/data/com.termux/files/home/.cache/cfl_watch/live_dump.xml
[*] Tap destination suggestion (desc contains) at 540,700
[*] ui_dump: dump=2279ms cat=186ms total=2466ms -> /data/data/com.termux/files/home/.cache/cfl_watch/live_dump.xml
[*] snap: 12-06-59_08_after_pick_destination (mode=3)
[*] snap: 12-07-02_09_before_search (mode=3)
[*] ui_dump: dump=2302ms cat=172ms total=2474ms -> /data/data/com.termux/files/home/.cache/cfl_watch/live_dump.xml
[*] Tap search button (id default) at 540,720
[*] snap: 12-07-08_10_after_search (mode=3)
[*] Scenario success (keyword detected)
[*] RC=0
[*] Run artifacts: /sdcard/cfl_watch/runs/2026-01-07_12-05-37_trip_LUXEMBOURG_to_ARLON
[*] Done. fail_count=0
[*] Restore Android animations: W=1.0 T=1.0 A=1
