[*] Log: /sdcard/cfl_watch/logs/2026-01-09_11-54-48_runner.log
[*] Start ADB local on 127.0.0.1:37099
[*] Activation ADB TCP sur 127.0.0.1:37099 (root)
[*] Redémarrage adbd
[*] Attente adbd=running
[*] adb connect (retry) -> 127.0.0.1:37099
[*] connected to 127.0.0.1:37099
[*] getprop:
37099
running
[*] adb devices -l:
List of devices attached
127.0.0.1:37099        device product:blueline model:Pixel_3 device:blueline transport_id:1

[*] Tip: export ANDROID_SERIAL=127.0.0.1:37099
[*] Device list:
List of devices attached
127.0.0.1:37099        device product:blueline model:Pixel_3 device:blueline transport_id:1

[*] Disable Android animations (temporary)
[*] === RUN: LUXEMBOURG -> ARLON (SNAP_MODE=3) ===
[*] SNAP_DIR=/sdcard/cfl_watch/runs/2026-01-09_11-54-55_trip_LUXEMBOURG_to_ARLON_d_2026-02-15_t_1940 (SNAP_MODE=3)
[*] Scenario: LUXEMBOURG -> ARLON (SNAP_MODE=3)
[*] VIA skipped (VIA_TEXT empty)
[*] ui_dump: dump=3064ms cat=183ms total=3247ms -> /data/data/com.termux/files/home/.cache/cfl_watch/live_dump.xml
[*] wait ok: start field visible
[*] snap: 11-54-58_01_home (mode=3)
[*] Tap start field (id) at 518,407
[*] ui_dump: dump=2388ms cat=193ms total=2581ms -> /data/data/com.termux/files/home/.cache/cfl_watch/live_dump.xml
[*] snap: 11-55-02_02_after_tap_start (mode=3)
[*] Type start: LUXEMBOURG
[*] ui_dump: dump=3533ms cat=184ms total=3718ms -> /data/data/com.termux/files/home/.cache/cfl_watch/live_dump.xml
[*] wait_results_ready: iter=1 list=1 loader=0
[*] ui_dump: dump=2470ms cat=179ms total=2649ms -> /data/data/com.termux/files/home/.cache/cfl_watch/live_dump.xml
[*] snap: 11-55-10_03_after_type_start (mode=3)
[*] Tap start suggestion (desc) at 540,700
[*] ui_dump: dump=2540ms cat=202ms total=2743ms -> /data/data/com.termux/files/home/.cache/cfl_watch/live_dump.xml
[*] snap: 11-55-14_04_after_pick_start (mode=3)
[*] ui_dump: dump=2516ms cat=170ms total=2686ms -> /data/data/com.termux/files/home/.cache/cfl_watch/live_dump.xml
[*] wait ok: destination field visible
[*] snap: 11-55-17_05_destination_visible (mode=3)
[*] Tap date time field (id) at 471,605
[*] ui_dump: dump=2352ms cat=172ms total=2524ms -> /data/data/com.termux/files/home/.cache/cfl_watch/live_dump.xml
[*] wait ok: time picker visible
[*] ui_dump: dump=2518ms cat=180ms total=2699ms -> /data/data/com.termux/files/home/.cache/cfl_watch/live_dump.xml
[*] wait ok: OK button visible
[D] time_parse: using xml=/data/data/com.termux/files/home/.cache/cfl_watch/live_dump.xml
[D] time_parse: TP_MODE=12H_CUR=11M_CUR=55AP_CUR=AMH_BOUNDS=[232,671][408,1166]M_BOUNDS=[451,671][627,1166]H_DEC_X=320H_DEC_Y=761H_INC_X=320H_INC_Y=1075M_DEC_X=539M_DEC_Y=761M_INC_X=539M_INC_Y=1075AP_AM_X=759AP_AM_Y=918AP_PM_X=759AP_PM_Y=1075 H_CUR=0 M_CUR=0 AP_CUR=
[D] time_parse: H_DEC=(0,0) H_INC=(0,0) M_DEC=(0,0) M_INC=(0,0)
[D] time_parse: H_BOUNDS= M_BOUNDS= AP_AM=(0,0) AP_PM=(0,0)
[*] Tap one day earlier (id) at 143,1389
[*] Tap one day earlier (id) at 143,1389
[*] Tap one day earlier (id) at 143,1389
[*] Tap one day earlier (id) at 143,1389
[*] Tap one day earlier (id) at 143,1389
[*] Tap one day earlier (id) at 143,1389
[*] Tap one day earlier (id) at 143,1389
[*] Tap one day earlier (id) at 143,1389
[*] Tap one day earlier (id) at 143,1389
[*] Tap one day earlier (id) at 143,1389
[*] Tap one day earlier (id) at 143,1389
[*] Tap one day earlier (id) at 143,1389
[*] Tap one day earlier (id) at 143,1389
[*] Tap one day earlier (id) at 143,1389
[*] Tap one day earlier (id) at 143,1389
[*] Tap one day earlier (id) at 143,1389
[*] Tap one day earlier (id) at 143,1389
[*] Tap one day earlier (id) at 143,1389
[*] Tap one day earlier (id) at 143,1389
[*] Tap one day earlier (id) at 143,1389
[*] Tap one day earlier (id) at 143,1389
[*] Tap one day earlier (id) at 143,1389
[*] Tap one day earlier (id) at 143,1389
[*] Tap one day earlier (id) at 143,1389
[*] Tap one day earlier (id) at 143,1389
[*] Tap one day earlier (id) at 143,1389
[*] Tap one day earlier (id) at 143,1389
[*] Tap one day earlier (id) at 143,1389
[*] Tap one day earlier (id) at 143,1389
[*] Tap one day earlier (id) at 143,1389
[*] Tap one day earlier (id) at 143,1389
[*] Tap one day earlier (id) at 143,1389
[*] Tap one day earlier (id) at 143,1389
[*] Tap one day earlier (id) at 143,1389
[*] Tap one day earlier (id) at 143,1389
[*] Tap one day earlier (id) at 143,1389
[*] Tap one day earlier (id) at 143,1389
[*] Tap one day earlier (id) at 143,1389
[*] Tap one day earlier (id) at 143,1389
[*] Tap one day earlier (id) at 143,1389
[*] Tap one day earlier (id) at 143,1389
[*] Tap one day earlier (id) at 143,1389
[*] Tap one day earlier (id) at 143,1389
[*] Tap one day earlier (id) at 143,1389
[*] Tap one day earlier (id) at 143,1389
[*] Tap one day earlier (id) at 143,1389
[*] Tap one day earlier (id) at 143,1389
[*] Tap one day earlier (id) at 143,1389
[*] Tap one day earlier (id) at 143,1389
[*] Tap one day earlier (id) at 143,1389
[*] Tap one day earlier (id) at 143,1389
[*] Tap one day earlier (id) at 143,1389
[*] Tap one day earlier (id) at 143,1389
[*] Tap one day earlier (id) at 143,1389
[*] Tap one day earlier (id) at 143,1389
[*] Tap one day earlier (id) at 143,1389
[*] Tap one day earlier (id) at 143,1389
[*] Tap one day earlier (id) at 143,1389
[*] Tap one day earlier (id) at 143,1389
[*] Tap one day earlier (id) at 143,1389
[*] Tap one day earlier (id) at 143,1389
[*] Tap one day earlier (id) at 143,1389
[*] Tap one day earlier (id) at 143,1389
[*] Tap one day earlier (id) at 143,1389
[*] Tap one day earlier (id) at 143,1389
[*] Tap one day earlier (id) at 143,1389
[*] Tap one day earlier (id) at 143,1389
[*] Tap one day earlier (id) at 143,1389
[*] Tap one day earlier (id) at 143,1389
[*] Tap one day earlier (id) at 143,1389
[*] Tap one day earlier (id) at 143,1389
[*] Tap one day earlier (id) at 143,1389
[*] Tap one day earlier (id) at 143,1389
[*] Tap one day earlier (id) at 143,1389
[*] Tap one day earlier (id) at 143,1389
[*] Tap one day earlier (id) at 143,1389
[*] Tap one day earlier (id) at 143,1389
[*] Tap one day earlier (id) at 143,1389
[*] Tap one day earlier (id) at 143,1389
[*] Tap one day earlier (id) at 143,1389
[*] Tap one day earlier (id) at 143,1389
[*] Tap one day earlier (id) at 143,1389
[*] Tap one day earlier (id) at 143,1389
[*] Tap one day earlier (id) at 143,1389
[*] Tap one day earlier (id) at 143,1389
[*] Tap one day earlier (id) at 143,1389
[*] Tap one day earlier (id) at 143,1389
[*] Tap one day earlier (id) at 143,1389
[*] Tap one day earlier (id) at 143,1389
[*] Tap one day earlier (id) at 143,1389
[*] Tap one day earlier (id) at 143,1389
[*] Tap one day earlier (id) at 143,1389
[*] Tap one day earlier (id) at 143,1389
[*] Tap one day earlier (id) at 143,1389
[*] Tap one day earlier (id) at 143,1389
[*] Tap one day earlier (id) at 143,1389
[*] Tap one day earlier (id) at 143,1389
[*] Tap one day earlier (id) at 143,1389
[*] Tap one day earlier (id) at 143,1389
[*] Tap one day earlier (id) at 143,1389
[*] Tap one day earlier (id) at 143,1389
[*] Tap one day earlier (id) at 143,1389
[*] Tap one day earlier (id) at 143,1389
[*] Tap one day earlier (id) at 143,1389
[*] Tap one day earlier (id) at 143,1389
[*] Tap one day earlier (id) at 143,1389
[*] Tap one day earlier (id) at 143,1389
[*] Tap one day earlier (id) at 143,1389
[*] Tap one day earlier (id) at 143,1389
[*] Tap one day earlier (id) at 143,1389
[*] Tap one day earlier (id) at 143,1389
[*] Tap one day earlier (id) at 143,1389
[*] Tap one day earlier (id) at 143,1389
[*] Tap one day earlier (id) at 143,1389
[*] Tap one day earlier (id) at 143,1389
[*] Tap one day earlier (id) at 143,1389
[*] Tap one day earlier (id) at 143,1389
[*] Tap one day earlier (id) at 143,1389
[*] Tap one day earlier (id) at 143,1389
[*] Tap one day earlier (id) at 143,1389
[*] Tap one day earlier (id) at 143,1389
[*] Tap one day earlier (id) at 143,1389
[*] Tap one day earlier (id) at 143,1389
[*] Tap one day earlier (id) at 143,1389
[*] Tap one day earlier (id) at 143,1389
[*] Tap one day earlier (id) at 143,1389
[*] Tap one day earlier (id) at 143,1389
[*] Tap one day earlier (id) at 143,1389
[*] Tap one day earlier (id) at 143,1389
[*] Tap one day earlier (id) at 143,1389
[*] Tap one day earlier (id) at 143,1389
[*] Tap one day earlier (id) at 143,1389
[*] Tap one day earlier (id) at 143,1389
[*] Tap one day earlier (id) at 143,1389
[*] Tap one day earlier (id) at 143,1389
[*] Tap one day earlier (id) at 143,1389
[*] Tap one day earlier (id) at 143,1389
[*] Tap one day earlier (id) at 143,1389
[*] Tap one day earlier (id) at 143,1389
[*] Tap one day earlier (id) at 143,1389
[*] Tap one day earlier (id) at 143,1389
[*] Tap one day earlier (id) at 143,1389
[*] Tap one day earlier (id) at 143,1389
[*] Tap one day earlier (id) at 143,1389
[*] Tap one day earlier (id) at 143,1389
[*] Tap one day earlier (id) at 143,1389
[*] Tap one day earlier (id) at 143,1389
[*] Tap one day earlier (id) at 143,1389
[*] Tap one day earlier (id) at 143,1389
[*] Tap one day earlier (id) at 143,1389
[*] Tap one day earlier (id) at 143,1389
[*] Tap one day earlier (id) at 143,1389
[*] Tap one day earlier (id) at 143,1389
[*] Tap one day earlier (id) at 143,1389
[*] Tap one day earlier (id) at 143,1389
[*] Tap one day earlier (id) at 143,1389
[*] Tap one day earlier (id) at 143,1389
[*] Tap one day earlier (id) at 143,1389
[*] Tap one day earlier (id) at 143,1389
[*] Tap one day earlier (id) at 143,1389
[*] Tap one day earlier (id) at 143,1389
[*] Tap one day earlier (id) at 143,1389
[*] Tap one day earlier (id) at 143,1389
[*] Tap one day earlier (id) at 143,1389
[*] Tap one day earlier (id) at 143,1389
[*] Tap one day earlier (id) at 143,1389
[*] Tap one day earlier (id) at 143,1389
[*] Tap one day earlier (id) at 143,1389
[*] Tap one day earlier (id) at 143,1389
[*] Tap one day earlier (id) at 143,1389
[*] Tap one day earlier (id) at 143,1389
[*] Tap one day earlier (id) at 143,1389
[*] Tap one day earlier (id) at 143,1389
[*] Tap one day earlier (id) at 143,1389
[*] Tap one day earlier (id) at 143,1389
[*] Tap one day earlier (id) at 143,1389
[*] Tap one day earlier (id) at 143,1389
[*] Tap one day earlier (id) at 143,1389
[*] Tap one day earlier (id) at 143,1389
[*] Tap one day earlier (id) at 143,1389
[*] Tap one day earlier (id) at 143,1389
[*] Tap one day earlier (id) at 143,1389
[*] Tap one day earlier (id) at 143,1389
[*] Tap one day earlier (id) at 143,1389
[*] Tap one day earlier (id) at 143,1389
[*] Tap one day earlier (id) at 143,1389
[*] Tap one day earlier (id) at 143,1389
[*] Tap one day earlier (id) at 143,1389
[*] Tap one day earlier (id) at 143,1389
[*] Tap one day earlier (id) at 143,1389
[*] Tap one day earlier (id) at 143,1389
[*] Tap one day earlier (id) at 143,1389
[*] Tap one day earlier (id) at 143,1389
[*] Tap one day earlier (id) at 143,1389
[*] Tap one day earlier (id) at 143,1389
[*] Tap one day earlier (id) at 143,1389
[*] Tap one day earlier (id) at 143,1389
[*] Tap one day earlier (id) at 143,1389
[D] time_parse: using xml=/data/data/com.termux/files/home/.cache/cfl_watch/live_dump.xml
[D] time_parse: TP_MODE=12H_CUR=11M_CUR=55AP_CUR=AMH_BOUNDS=[232,671][408,1166]M_BOUNDS=[451,671][627,1166]H_DEC_X=320H_DEC_Y=761H_INC_X=320H_INC_Y=1075M_DEC_X=539M_DEC_Y=761M_INC_X=539M_INC_Y=1075AP_AM_X=759AP_AM_Y=918AP_PM_X=759AP_PM_Y=1075 H_CUR=0 M_CUR=0 AP_CUR=
[D] time_parse: H_DEC=(0,0) H_INC=(0,0) M_DEC=(0,0) M_INC=(0,0)
[D] time_parse: H_BOUNDS= M_BOUNDS= AP_AM=(0,0) AP_PM=(0,0)
[*] Tap OK button (id) at 887,1535
[*] ui_dump: dump=2450ms cat=187ms total=2638ms -> /data/data/com.termux/files/home/.cache/cfl_watch/live_dump.xml
[*] snap: 11-55-57_08g_after_datetime_ok (mode=3)
[*] Tap destination field (desc) at 534,473
[*] ui_dump: dump=2539ms cat=181ms total=2720ms -> /data/data/com.termux/files/home/.cache/cfl_watch/live_dump.xml
[*] snap: 11-56-01_06_after_tap_destination (mode=3)
[*] Type destination: ARLON
[*] ui_dump: dump=2790ms cat=145ms total=2936ms -> /data/data/com.termux/files/home/.cache/cfl_watch/live_dump.xml
[*] wait_results_ready: iter=1 list=0 loader=0
[*] ui_dump: dump=2236ms cat=88ms total=2325ms -> /data/data/com.termux/files/home/.cache/cfl_watch/live_dump.xml
[*] wait_results_ready: iter=2 list=0 loader=0
[*] ui_dump: dump=2252ms cat=189ms total=2441ms -> /data/data/com.termux/files/home/.cache/cfl_watch/live_dump.xml
[*] wait_results_ready: iter=3 list=0 loader=0
[*] ui_dump: dump=2473ms cat=188ms total=2661ms -> /data/data/com.termux/files/home/.cache/cfl_watch/live_dump.xml
[*] wait_results_ready: iter=4 list=0 loader=0
[*] ui_dump: dump=2432ms cat=187ms total=2620ms -> /data/data/com.termux/files/home/.cache/cfl_watch/live_dump.xml
[*] wait_results_ready: iter=5 list=0 loader=0
[*] ui_dump: dump=2482ms cat=185ms total=2668ms -> /data/data/com.termux/files/home/.cache/cfl_watch/live_dump.xml
[*] wait_results_ready: iter=6 list=0 loader=0
[*] ui_dump: dump=2453ms cat=169ms total=2623ms -> /data/data/com.termux/files/home/.cache/cfl_watch/live_dump.xml
[*] wait_results_ready: iter=7 list=0 loader=0
[*] Restore Android animations: W=0 T=0 A=0
