[*] Log: /sdcard/cfl_watch/logs/2026-01-07_10-22-54_runner.log
[*] Start ADB local on 127.0.0.1:37099
[*] Activation ADB TCP sur 127.0.0.1:37099 (root)
[*] Redémarrage adbd
[*] Attente adbd=running
[*] adb connect (retry) -> 127.0.0.1:37099
[*] connected to 127.0.0.1:37099
[*] getprop:
37099
running
[*] adb devices -l:
List of devices attached
127.0.0.1:37099        device product:blueline model:Pixel_3 device:blueline transport_id:1

[*] Tip: export ANDROID_SERIAL=127.0.0.1:37099
[*] Device list:
List of devices attached
127.0.0.1:37099        device product:blueline model:Pixel_3 device:blueline transport_id:1

[*] Disable Android animations (temporary)
[*] === RUN: LUXEMBOURG -> ARLON (SNAP_MODE=1) ===
[*] SNAP_DIR=/sdcard/cfl_watch/runs/2026-01-07_10-23-01_trip_LUXEMBOURG_to_ARLON (SNAP_MODE=1)
[*] Scenario: LUXEMBOURG -> ARLON (SNAP_MODE=1)
[*] CFL_CODE_DIR=/data/data/com.termux/files/home/cfl_watch
[*] CFL_BASE_DIR=/data/data/com.termux/files/home/cfl_watch
[*] CFL_TMP_DIR=/sdcard/cfl_watch/tmp
[!] wait_dump_grep timeout: regex=resource-id="de\.hafas\.android\.cfl:id/input_start"
[*] snap: 10-23-15_00_launch (mode=1)
[*] snap: 10-23-15_01_before_tap_start (mode=1)
[!] Selector introuvable: start field (id) (criteria: resource-id=de.hafas.android.cfl:id/input_start)
[!] Selector introuvable: start field (content-desc) (criteria: content-desc=Select start)
[!] Run FAILED (rc=1) -> viewer
[*] Viewer: /sdcard/cfl_watch/runs/2026-01-07_10-23-01_trip_LUXEMBOURG_to_ARLON/viewers/index.html
[*] RC=1
[*] Run artifacts: /sdcard/cfl_watch/runs/2026-01-07_10-23-01_trip_LUXEMBOURG_to_ARLON
[*] Viewer: /sdcard/cfl_watch/runs/2026-01-07_10-23-01_trip_LUXEMBOURG_to_ARLON/viewers/index.html
[*] Done. fail_count=1
[*] Restore Android animations: W=1.0 T=1.0 A=1
