[*] Log: /sdcard/cfl_watch/logs/2026-01-05_08-50-38_runner.log
[*] Start ADB local on 127.0.0.1:37099
[*] Activation ADB TCP sur 127.0.0.1:37099 (root)
[*] Redémarrage adbd
[*] Attente adbd=running
[*] adb connect (retry) -> 127.0.0.1:37099
[*] connected to 127.0.0.1:37099
[*] getprop:
37099
running
[*] adb devices -l:
List of devices attached
127.0.0.1:37099        device product:blueline model:Pixel_3 device:blueline transport_id:1

[*] Tip: export ANDROID_SERIAL=127.0.0.1:37099
[*] Device list:
List of devices attached
127.0.0.1:37099        device product:blueline model:Pixel_3 device:blueline transport_id:1

[*] === RUN: LUXEMBOURG -> ARLON (SNAP_MODE=3) ===
[*] SNAP_DIR=/sdcard/cfl_watch/runs/2026-01-05_08-50-44_trip_LUXEMBOURG_to_ARLON (SNAP_MODE=3)
[*] Scenario: LUXEMBOURG -> ARLON (SNAP_MODE=3)
[*] CFL_CODE_DIR=/data/data/com.termux/files/home/cfl_watch
[*] CFL_BASE_DIR=/data/data/com.termux/files/home/cfl_watch
[*] CFL_TMP_DIR=/data/data/com.termux/files/home/cfl_watch/tmp
[*] snap: 08-50-49_00_launch (mode=3)
[*] snap: 08-50-53_01_before_tap_start (mode=3)
[uia] UI hierchary dumped to: /data/data/com.termux/files/home/cfl_watch/tmp/live_dump.xml
[!] UI dump absent/vide: /data/data/com.termux/files/home/cfl_watch/tmp/live_dump.xml
[!] Selector introuvable: start field (criteria: content-desc=Select start)
[!] Selector introuvable: start field (history) (criteria: resource-id=de.hafas.android.cfl:id/input_start)
[!] Run FAILED (rc=1) -> viewer
[*] Viewer: /sdcard/cfl_watch/runs/2026-01-05_08-50-44_trip_LUXEMBOURG_to_ARLON/viewers/index.html
[*] RC=1
[*] Run artifacts: /sdcard/cfl_watch/runs/2026-01-05_08-50-44_trip_LUXEMBOURG_to_ARLON
[*] Viewer: /sdcard/cfl_watch/runs/2026-01-05_08-50-44_trip_LUXEMBOURG_to_ARLON/viewers/index.html
[*] Done. fail_count=1
