[*] Log: /sdcard/cfl_watch/logs/2026-01-07_12-55-49_runner.log
[*] Start ADB local on 127.0.0.1:37099
[*] Activation ADB TCP sur 127.0.0.1:37099 (root)
[*] Redémarrage adbd
[*] Attente adbd=running
[*] adb connect (retry) -> 127.0.0.1:37099
[*] connected to 127.0.0.1:37099
[*] getprop:
37099
running
[*] adb devices -l:
List of devices attached
127.0.0.1:37099        device product:blueline model:Pixel_3 device:blueline transport_id:1

[*] Tip: export ANDROID_SERIAL=127.0.0.1:37099
[*] Device list:
List of devices attached
127.0.0.1:37099        device product:blueline model:Pixel_3 device:blueline transport_id:1

[*] Disable Android animations (temporary)
[*] === RUN: LUXEMBOURG -> ARLON (SNAP_MODE=3) ===
[*] SNAP_DIR=/sdcard/cfl_watch/runs/2026-01-07_12-55-56_trip_LUXEMBOURG_to_ARLON (SNAP_MODE=3)
[*] Scenario: LUXEMBOURG -> ARLON (SNAP_MODE=3)
[*] CFL_CODE_DIR=/data/data/com.termux/files/home/cfl_watch
[*] CFL_BASE_DIR=/data/data/com.termux/files/home/cfl_watch
[*] CFL_TMP_DIR=/data/data/com.termux/files/home/.cache/cfl_watch
[*] CFL_REMOTE_TMP_DIR=/data/local/tmp/cfl_watch
[*] ui_dump: dump=2845ms cat=179ms total=3025ms -> /data/data/com.termux/files/home/.cache/cfl_watch/live_dump.xml
[*] snap: 12-55-59_00_launch (mode=3)
[*] snap: 12-56-02_01_before_tap_start (mode=3)
[*] ui_dump: dump=2476ms cat=167ms total=2643ms -> /data/data/com.termux/files/home/.cache/cfl_watch/live_dump.xml
[*] Tap start field (id) at 518,407
[*] snap: 12-56-08_02_after_tap_start (mode=3)
[*] Type start: LUXEMBOURG
[*] ui_dump: dump=3462ms cat=151ms total=3614ms -> /data/data/com.termux/files/home/.cache/cfl_watch/live_dump.xml
[*] wait_results_ready: iter=1 list=1 loader=0
[*] snap: 12-56-15_03_after_type_start (mode=3)
[*] ui_dump: dump=2449ms cat=180ms total=2630ms -> /data/data/com.termux/files/home/.cache/cfl_watch/live_dump.xml
[*] Tap start suggestion (desc contains) at 540,700
[*] ui_dump: dump=2459ms cat=193ms total=2652ms -> /data/data/com.termux/files/home/.cache/cfl_watch/live_dump.xml
[*] ui_dump: dump=2520ms cat=197ms total=2718ms -> /data/data/com.termux/files/home/.cache/cfl_watch/live_dump.xml
[*] ui_dump: dump=2529ms cat=174ms total=2703ms -> /data/data/com.termux/files/home/.cache/cfl_watch/live_dump.xml
[*] ui_dump: dump=2495ms cat=162ms total=2658ms -> /data/data/com.termux/files/home/.cache/cfl_watch/live_dump.xml
[*] ui_dump: dump=2485ms cat=179ms total=2665ms -> /data/data/com.termux/files/home/.cache/cfl_watch/live_dump.xml
[*] ui_dump: dump=2490ms cat=171ms total=2662ms -> /data/data/com.termux/files/home/.cache/cfl_watch/live_dump.xml
[*] ui_dump: dump=2421ms cat=181ms total=2602ms -> /data/data/com.termux/files/home/.cache/cfl_watch/live_dump.xml
[!] wait_dump_grep timeout: regex=resource-id="[^"]*:id/input_target"
[*] ui_dump: dump=2500ms cat=186ms total=2686ms -> /data/data/com.termux/files/home/.cache/cfl_watch/live_dump.xml
[*] snap: 12-56-44_04_after_pick_start (mode=3)
[*] snap: 12-56-47_05_before_tap_destination (mode=3)
[*] ui_dump: dump=13426ms cat=188ms total=13614ms -> /data/data/com.termux/files/home/.cache/cfl_watch/live_dump.xml
[!] Selector introuvable: destination field (id) (criteria: resource-id=:id/input_target)
[*] Tap destination field (content-desc) at 534,473
[*] snap: 12-57-04_06_after_tap_destination (mode=3)
[*] Type destination: ARLON
[*] ui_dump: dump=3765ms cat=180ms total=3946ms -> /data/data/com.termux/files/home/.cache/cfl_watch/live_dump.xml
[*] wait_results_ready: iter=1 list=1 loader=0
[*] snap: 12-57-11_07_after_type_destination (mode=3)
[*] ui_dump: dump=2421ms cat=173ms total=2595ms -> /data/data/com.termux/files/home/.cache/cfl_watch/live_dump.xml
[*] Tap destination suggestion (desc contains) at 540,700
[*] ui_dump: dump=2359ms cat=176ms total=2536ms -> /data/data/com.termux/files/home/.cache/cfl_watch/live_dump.xml
[*] snap: 12-57-20_08_after_pick_destination (mode=3)
[*] snap: 12-57-23_09_before_search (mode=3)
[*] ui_dump: dump=2466ms cat=182ms total=2649ms -> /data/data/com.termux/files/home/.cache/cfl_watch/live_dump.xml
[*] Tap search button (id default) at 540,720
[*] snap: 12-57-29_10_after_search (mode=3)
[*] Scenario success (keyword detected)
[*] RC=0
[*] Run artifacts: /sdcard/cfl_watch/runs/2026-01-07_12-55-56_trip_LUXEMBOURG_to_ARLON
[*] Done. fail_count=0
[*] Restore Android animations: W=1.0 T=1.0 A=1
