[*] Log: /sdcard/cfl_watch/logs/2026-01-02_14-52-14_runner.log
[*] Start ADB local on 127.0.0.1:37099
[*] Activation ADB TCP sur 127.0.0.1:37099 (root)
[*] Redémarrage adbd
[*] Attente adbd=running
[*] adb connect (retry) -> 127.0.0.1:37099
[*] connected to 127.0.0.1:37099
[*] getprop:
37099
running
[*] adb devices -l:
List of devices attached
127.0.0.1:37099        device product:blueline model:Pixel_3 device:blueline transport_id:1

[*] Tip: export ANDROID_SERIAL=127.0.0.1:37099
[*] Device list:
List of devices attached
127.0.0.1:37099        device product:blueline model:Pixel_3 device:blueline transport_id:1

[*] === RUN: LUXEMBOURG -> ARLON (SNAP_MODE=1) ===
[*] SNAP_DIR=/sdcard/cfl_watch/runs/2026-01-02_14-52-20_trip_LUXEMBOURG_to_ARLON (SNAP_MODE=1)
[*] Scenario: LUXEMBOURG -> ARLON (SNAP_MODE=1)
[*] snap: 14-52-21_00_launch (mode=1)
[*] snap: 14-52-22_01_before_tap_start (mode=1)
[!] Selector introuvable: start field (criteria: content-desc=Select start)
[!] Selector introuvable: start field (history) (criteria: resource-id=de.hafas.android.cfl:id/input_start)
[!] Run FAILED (rc=1) -> viewer
[*] Viewer: /sdcard/cfl_watch/runs/2026-01-02_14-52-20_trip_LUXEMBOURG_to_ARLON/viewers/index.html
[*] RC=1
[*] Run artifacts: /sdcard/cfl_watch/runs/2026-01-02_14-52-20_trip_LUXEMBOURG_to_ARLON
[*] Viewer: /sdcard/cfl_watch/runs/2026-01-02_14-52-20_trip_LUXEMBOURG_to_ARLON/viewers/index.html
[*] === RUN: ESCH-SUR-ALZETTE -> LUXEMBOURG (SNAP_MODE=1) ===
[*] SNAP_DIR=/sdcard/cfl_watch/runs/2026-01-02_14-52-28_trip_ESCH-SUR-ALZETTE_to_LUXEMBOURG (SNAP_MODE=1)
[*] Scenario: ESCH-SUR-ALZETTE -> LUXEMBOURG (SNAP_MODE=1)
[*] snap: 14-52-29_00_launch (mode=1)
[*] snap: 14-52-30_01_before_tap_start (mode=1)
[!] Selector introuvable: start field (criteria: content-desc=Select start)
[!] Selector introuvable: start field (history) (criteria: resource-id=de.hafas.android.cfl:id/input_start)
[!] Run FAILED (rc=1) -> viewer
[*] Viewer: /sdcard/cfl_watch/runs/2026-01-02_14-52-28_trip_ESCH-SUR-ALZETTE_to_LUXEMBOURG/viewers/index.html
[*] RC=1
[*] Run artifacts: /sdcard/cfl_watch/runs/2026-01-02_14-52-28_trip_ESCH-SUR-ALZETTE_to_LUXEMBOURG
[*] Viewer: /sdcard/cfl_watch/runs/2026-01-02_14-52-28_trip_ESCH-SUR-ALZETTE_to_LUXEMBOURG/viewers/index.html
[*] Done. fail_count=2
