=== START Wed Dec 31 09:11:07 CET 2025 ===
LOG=/sdcard/cfl_watch/logs/map_2025-12-31_09-11-07.log
[*] Launch CFL (root monkey)
  bash arg: -p
  bash arg: de.hafas.android.cfl
  bash arg: -c
  bash arg: android.intent.category.LAUNCHER
  bash arg: 1
args: [-p, de.hafas.android.cfl, -c, android.intent.category.LAUNCHER, 1]
 arg: "-p"
 arg: "de.hafas.android.cfl"
 arg: "-c"
 arg: "android.intent.category.LAUNCHER"
 arg: "1"
data="de.hafas.android.cfl"
data="android.intent.category.LAUNCHER"
Events injected: 1
## Network stats: elapsed time=32ms (0ms mobile, 0ms wifi, 32ms not connected)
[*] Focus check (best effort)
    mResumedActivity: ActivityRecord{fbf4147 u0 de.hafas.android.cfl/de.hafas.main.HafasApp t73}
Failed to write while dumping service activity: Broken pipe
[*] Run mapper
+ python -
Traceback (most recent call last):
  File "<stdin>", line 8, in <module>
  File "/data/data/com.termux/files/usr/lib/python3.12/re/__init__.py", line 186, in sub
    return _compile(pattern, flags).sub(repl, string, count)
           ^^^^^^^^^^^^^^^^^^^^^^^^^^^^^^^^^^^^^^^^^^^^^^^^^
  File "/data/data/com.termux/files/usr/lib/python3.12/re/__init__.py", line 334, in _compile_template
    return _sre.template(pattern, _parser.parse_template(repl, pattern))
                                  ^^^^^^^^^^^^^^^^^^^^^^^^^^^^^^^^^^^^^
  File "/data/data/com.termux/files/usr/lib/python3.12/re/_parser.py", line 1069, in parse_template
    addgroup(int(this[1:]), len(this) - 1)
  File "/data/data/com.termux/files/usr/lib/python3.12/re/_parser.py", line 1014, in addgroup
    raise s.error("invalid group reference %d" % index, pos)
re.error: invalid group reference 1 at position 168 (line 2, column 151)
