=== START Wed Dec 31 09:52:25 CET 2025 ===
LOG=/sdcard/cfl_watch/logs/map_2025-12-31_09-52-25.log
[*] Launch CFL (root monkey)
  bash arg: -p
  bash arg: de.hafas.android.cfl
  bash arg: -c
  bash arg: android.intent.category.LAUNCHER
  bash arg: 1
args: [-p, de.hafas.android.cfl, -c, android.intent.category.LAUNCHER, 1]
 arg: "-p"
 arg: "de.hafas.android.cfl"
 arg: "-c"
 arg: "android.intent.category.LAUNCHER"
 arg: "1"
data="de.hafas.android.cfl"
data="android.intent.category.LAUNCHER"
Events injected: 1
## Network stats: elapsed time=29ms (0ms mobile, 0ms wifi, 29ms not connected)
[*] Focus check (best effort)
    mResumedActivity: ActivityRecord{a32b52f u0 de.hafas.android.cfl/de.hafas.main.HafasApp t84}
Failed to write while dumping service activity: Broken pipe
[*] Run mapper
+ set -euo pipefail
+ PKG=de.hafas.android.cfl
+ OUT_BASE=/sdcard/cfl_watch/map
+ DEPTH=1
+ MAX_SCREENS=25
+ MAX_ACTIONS=8
+ DELAY=1.5
+ LAUNCH=0
+ '[' 9 -gt 0 ']'
+ case "$1" in
+ LAUNCH=0
+ shift
+ '[' 8 -gt 0 ']'
+ case "$1" in
+ DEPTH=0
+ shift 2
+ '[' 6 -gt 0 ']'
+ case "$1" in
+ MAX_SCREENS=1
+ shift 2
+ '[' 4 -gt 0 ']'
+ case "$1" in
+ MAX_ACTIONS=0
+ shift 2
+ '[' 2 -gt 0 ']'
+ case "$1" in
+ DELAY=2.0
+ shift 2
+ '[' 0 -gt 0 ']'
+ need_cmd python
+ command -v python
++ now_ts
++ date +%Y-%m-%d_%H-%M-%S
+ MAP_DIR=/sdcard/cfl_watch/map/2025-12-31_09-52-27
+ mkdir -p /sdcard/cfl_watch/map/2025-12-31_09-52-27/screens /sdcard/cfl_watch/map/2025-12-31_09-52-27/tmp
+ VISITED=/sdcard/cfl_watch/map/2025-12-31_09-52-27/visited.txt
+ COUNT_FILE=/sdcard/cfl_watch/map/2025-12-31_09-52-27/count.txt
+ echo 0
+ :
+ echo '[*] map_dir=/sdcard/cfl_watch/map/2025-12-31_09-52-27'
[*] map_dir=/sdcard/cfl_watch/map/2025-12-31_09-52-27
+ echo '[*] pkg=de.hafas.android.cfl depth=0 max_screens=1 max_actions=0 delay=2.0'
[*] pkg=de.hafas.android.cfl depth=0 max_screens=1 max_actions=0 delay=2.0
+ explore 0
+ local depth=0
+ local count
++ cat /sdcard/cfl_watch/map/2025-12-31_09-52-27/count.txt
+ count=0
+ '[' 0 -ge 1 ']'
+ local tmp_xml=/sdcard/cfl_watch/map/2025-12-31_09-52-27/tmp/current.xml
+ local tmp_png=/sdcard/cfl_watch/map/2025-12-31_09-52-27/tmp/current.png
+ capture_screen /sdcard/cfl_watch/map/2025-12-31_09-52-27/tmp/current.xml /sdcard/cfl_watch/map/2025-12-31_09-52-27/tmp/current.png
+ local out_xml=/sdcard/cfl_watch/map/2025-12-31_09-52-27/tmp/current.xml
+ local out_png=/sdcard/cfl_watch/map/2025-12-31_09-52-27/tmp/current.png
+ run_root 'uiautomator dump --compressed '\''/sdcard/cfl_watch/map/2025-12-31_09-52-27/tmp/current.xml'\'''
+ run_root 'screencap -p '\''/sdcard/cfl_watch/map/2025-12-31_09-52-27/tmp/current.png'\'''
+ return 0
+ local h
++ hash_screen_norm /sdcard/cfl_watch/map/2025-12-31_09-52-27/tmp/current.xml
++ local xml=/sdcard/cfl_watch/map/2025-12-31_09-52-27/tmp/current.xml
++ python - /sdcard/cfl_watch/map/2025-12-31_09-52-27/tmp/current.xml
+ h=3f90f718de837460aed7e5bf5c8af46b94238512
+ grep -qx 3f90f718de837460aed7e5bf5c8af46b94238512 /sdcard/cfl_watch/map/2025-12-31_09-52-27/visited.txt
+ echo 3f90f718de837460aed7e5bf5c8af46b94238512
+ count=1
+ echo 1
+ local scr_dir=/sdcard/cfl_watch/map/2025-12-31_09-52-27/screens/3f90f718de837460aed7e5bf5c8af46b94238512
+ mkdir -p /sdcard/cfl_watch/map/2025-12-31_09-52-27/screens/3f90f718de837460aed7e5bf5c8af46b94238512
+ cp -f /sdcard/cfl_watch/map/2025-12-31_09-52-27/tmp/current.xml /sdcard/cfl_watch/map/2025-12-31_09-52-27/screens/3f90f718de837460aed7e5bf5c8af46b94238512/ui.xml
+ cp -f /sdcard/cfl_watch/map/2025-12-31_09-52-27/tmp/current.png /sdcard/cfl_watch/map/2025-12-31_09-52-27/screens/3f90f718de837460aed7e5bf5c8af46b94238512/screen.png
+ echo '[+] screen#1 hash=3f90f718de837460aed7e5bf5c8af46b94238512 depth=0'
[+] screen#1 hash=3f90f718de837460aed7e5bf5c8af46b94238512 depth=0
+ '[' 0 -le 0 ']'
+ return 0
++ wc -l
++ tr -d ' '
+ echo '[*] Done. Visited screens: 1'
[*] Done. Visited screens: 1
+ echo '[*] Output: /sdcard/cfl_watch/map/2025-12-31_09-52-27'
[*] Output: /sdcard/cfl_watch/map/2025-12-31_09-52-27
=== END Wed Dec 31 09:52:31 CET 2025 ===
