=== START Wed Dec 31 09:36:10 CET 2025 ===
LOG=/sdcard/cfl_watch/logs/map_2025-12-31_09-36-10.log
[*] Launch CFL (root monkey)
  bash arg: -p
  bash arg: de.hafas.android.cfl
  bash arg: -c
  bash arg: android.intent.category.LAUNCHER
  bash arg: 1
args: [-p, de.hafas.android.cfl, -c, android.intent.category.LAUNCHER, 1]
 arg: "-p"
 arg: "de.hafas.android.cfl"
 arg: "-c"
 arg: "android.intent.category.LAUNCHER"
 arg: "1"
data="de.hafas.android.cfl"
data="android.intent.category.LAUNCHER"
Events injected: 1
## Network stats: elapsed time=10ms (0ms mobile, 0ms wifi, 10ms not connected)
[*] Focus check (best effort)
    mResumedActivity: ActivityRecord{182d68a u0 de.hafas.android.cfl/de.hafas.main.HafasApp t75}
Failed to write while dumping service activity: Broken pipe
[*] Run mapper
+ set -euo pipefail
+ PKG=de.hafas.android.cfl
+ OUT_BASE=/sdcard/cfl_watch/map
+ DEPTH=1
+ MAX_SCREENS=25
+ MAX_ACTIONS=8
+ DELAY=1.5
+ LAUNCH=0
+ '[' 9 -gt 0 ']'
+ case "$1" in
+ LAUNCH=0
+ shift
+ '[' 8 -gt 0 ']'
+ case "$1" in
+ DEPTH=1
+ shift 2
+ '[' 6 -gt 0 ']'
+ case "$1" in
+ MAX_SCREENS=25
+ shift 2
+ '[' 4 -gt 0 ']'
+ case "$1" in
+ MAX_ACTIONS=8
+ shift 2
+ '[' 2 -gt 0 ']'
+ case "$1" in
+ DELAY=2.0
+ shift 2
+ '[' 0 -gt 0 ']'
+ need_cmd python
+ command -v python
++ now_ts
++ date +%Y-%m-%d_%H-%M-%S
+ MAP_DIR=/sdcard/cfl_watch/map/2025-12-31_09-36-12
+ mkdir -p /sdcard/cfl_watch/map/2025-12-31_09-36-12/screens /sdcard/cfl_watch/map/2025-12-31_09-36-12/tmp
+ VISITED=/sdcard/cfl_watch/map/2025-12-31_09-36-12/visited.txt
+ COUNT_FILE=/sdcard/cfl_watch/map/2025-12-31_09-36-12/count.txt
+ echo 0
+ :
+ echo '[*] map_dir=/sdcard/cfl_watch/map/2025-12-31_09-36-12'
[*] map_dir=/sdcard/cfl_watch/map/2025-12-31_09-36-12
+ echo '[*] pkg=de.hafas.android.cfl depth=1 max_screens=25 max_actions=8 delay=2.0'
[*] pkg=de.hafas.android.cfl depth=1 max_screens=25 max_actions=8 delay=2.0
+ explore 1
+ local depth=1
+ local count
++ cat /sdcard/cfl_watch/map/2025-12-31_09-36-12/count.txt
+ count=0
+ '[' 0 -ge 25 ']'
+ local tmp_xml=/sdcard/cfl_watch/map/2025-12-31_09-36-12/tmp/current.xml
+ local tmp_png=/sdcard/cfl_watch/map/2025-12-31_09-36-12/tmp/current.png
+ capture_screen /sdcard/cfl_watch/map/2025-12-31_09-36-12/tmp/current.xml /sdcard/cfl_watch/map/2025-12-31_09-36-12/tmp/current.png
+ local out_xml=/sdcard/cfl_watch/map/2025-12-31_09-36-12/tmp/current.xml
+ local out_png=/sdcard/cfl_watch/map/2025-12-31_09-36-12/tmp/current.png
+ run_root 'uiautomator dump --compressed '\''/sdcard/cfl_watch/map/2025-12-31_09-36-12/tmp/current.xml'\'''
+ run_root 'screencap -p '\''/sdcard/cfl_watch/map/2025-12-31_09-36-12/tmp/current.png'\'''
+ return 0
+ local h
++ hash_screen_norm /sdcard/cfl_watch/map/2025-12-31_09-36-12/tmp/current.xml
++ local xml=/sdcard/cfl_watch/map/2025-12-31_09-36-12/tmp/current.xml
++ python - /sdcard/cfl_watch/map/2025-12-31_09-36-12/tmp/current.xml
+ h=3f90f718de837460aed7e5bf5c8af46b94238512
+ grep -qx 3f90f718de837460aed7e5bf5c8af46b94238512 /sdcard/cfl_watch/map/2025-12-31_09-36-12/visited.txt
+ echo 3f90f718de837460aed7e5bf5c8af46b94238512
+ count=1
+ echo 1
+ local scr_dir=/sdcard/cfl_watch/map/2025-12-31_09-36-12/screens/3f90f718de837460aed7e5bf5c8af46b94238512
+ mkdir -p /sdcard/cfl_watch/map/2025-12-31_09-36-12/screens/3f90f718de837460aed7e5bf5c8af46b94238512
+ cp -f /sdcard/cfl_watch/map/2025-12-31_09-36-12/tmp/current.xml /sdcard/cfl_watch/map/2025-12-31_09-36-12/screens/3f90f718de837460aed7e5bf5c8af46b94238512/ui.xml
+ cp -f /sdcard/cfl_watch/map/2025-12-31_09-36-12/tmp/current.png /sdcard/cfl_watch/map/2025-12-31_09-36-12/screens/3f90f718de837460aed7e5bf5c8af46b94238512/screen.png
+ echo '[+] screen#1 hash=3f90f718de837460aed7e5bf5c8af46b94238512 depth=1'
[+] screen#1 hash=3f90f718de837460aed7e5bf5c8af46b94238512 depth=1
+ '[' 1 -le 0 ']'
+ local actions_file=/sdcard/cfl_watch/map/2025-12-31_09-36-12/screens/3f90f718de837460aed7e5bf5c8af46b94238512/actions.txt
+ list_actions /sdcard/cfl_watch/map/2025-12-31_09-36-12/screens/3f90f718de837460aed7e5bf5c8af46b94238512/ui.xml 8
+ local xml=/sdcard/cfl_watch/map/2025-12-31_09-36-12/screens/3f90f718de837460aed7e5bf5c8af46b94238512/ui.xml
+ local max_actions=8
+ python - /sdcard/cfl_watch/map/2025-12-31_09-36-12/screens/3f90f718de837460aed7e5bf5c8af46b94238512/ui.xml 8
+ local base_raw
++ raw_xml_hash /sdcard/cfl_watch/map/2025-12-31_09-36-12/screens/3f90f718de837460aed7e5bf5c8af46b94238512/ui.xml
++ local xml=/sdcard/cfl_watch/map/2025-12-31_09-36-12/screens/3f90f718de837460aed7e5bf5c8af46b94238512/ui.xml
++ python - /sdcard/cfl_watch/map/2025-12-31_09-36-12/screens/3f90f718de837460aed7e5bf5c8af46b94238512/ui.xml
+ base_raw=9fe03d4c582eeadc6537e88807e7a17c1247845c
+ local i=0
+ IFS=$'\t'
+ read -r x y label
+ '[' -z 518 ']'
+ i=1
+ echo '    -> tap#1 (518,561) de.hafas.android.cfl:id/input_target | android.widget.TextView | Select destination'
    -> tap#1 (518,561) de.hafas.android.cfl:id/input_target | android.widget.TextView | Select destination
+ run_root 'input tap 518 561'
+ true
+ sleep 2.0
+ local after_xml=/sdcard/cfl_watch/map/2025-12-31_09-36-12/tmp/after.xml
+ local after_png=/sdcard/cfl_watch/map/2025-12-31_09-36-12/tmp/after.png
+ capture_screen /sdcard/cfl_watch/map/2025-12-31_09-36-12/tmp/after.xml /sdcard/cfl_watch/map/2025-12-31_09-36-12/tmp/after.png
+ local out_xml=/sdcard/cfl_watch/map/2025-12-31_09-36-12/tmp/after.xml
+ local out_png=/sdcard/cfl_watch/map/2025-12-31_09-36-12/tmp/after.png
+ run_root 'uiautomator dump --compressed '\''/sdcard/cfl_watch/map/2025-12-31_09-36-12/tmp/after.xml'\'''
+ run_root 'screencap -p '\''/sdcard/cfl_watch/map/2025-12-31_09-36-12/tmp/after.png'\'''
+ return 0
+ local after_raw
++ raw_xml_hash /sdcard/cfl_watch/map/2025-12-31_09-36-12/tmp/after.xml
++ local xml=/sdcard/cfl_watch/map/2025-12-31_09-36-12/tmp/after.xml
++ python - /sdcard/cfl_watch/map/2025-12-31_09-36-12/tmp/after.xml
+ after_raw=9fe03d4c582eeadc6537e88807e7a17c1247845c
+ '[' -n 9fe03d4c582eeadc6537e88807e7a17c1247845c ']'
+ '[' 9fe03d4c582eeadc6537e88807e7a17c1247845c = 9fe03d4c582eeadc6537e88807e7a17c1247845c ']'
+ echo '       (no screen change -> no BACK)'
       (no screen change -> no BACK)
+ continue
+ IFS=$'\t'
+ read -r x y label
+ '[' -z 518 ']'
+ i=2
+ echo '    -> tap#2 (518,407) de.hafas.android.cfl:id/input_start | android.widget.TextView | Select start'
    -> tap#2 (518,407) de.hafas.android.cfl:id/input_start | android.widget.TextView | Select start
+ run_root 'input tap 518 407'
+ true
+ sleep 2.0
+ local after_xml=/sdcard/cfl_watch/map/2025-12-31_09-36-12/tmp/after.xml
+ local after_png=/sdcard/cfl_watch/map/2025-12-31_09-36-12/tmp/after.png
+ capture_screen /sdcard/cfl_watch/map/2025-12-31_09-36-12/tmp/after.xml /sdcard/cfl_watch/map/2025-12-31_09-36-12/tmp/after.png
+ local out_xml=/sdcard/cfl_watch/map/2025-12-31_09-36-12/tmp/after.xml
+ local out_png=/sdcard/cfl_watch/map/2025-12-31_09-36-12/tmp/after.png
+ run_root 'uiautomator dump --compressed '\''/sdcard/cfl_watch/map/2025-12-31_09-36-12/tmp/after.xml'\'''
+ run_root 'screencap -p '\''/sdcard/cfl_watch/map/2025-12-31_09-36-12/tmp/after.png'\'''
+ return 0
+ local after_raw
++ raw_xml_hash /sdcard/cfl_watch/map/2025-12-31_09-36-12/tmp/after.xml
++ local xml=/sdcard/cfl_watch/map/2025-12-31_09-36-12/tmp/after.xml
++ python - /sdcard/cfl_watch/map/2025-12-31_09-36-12/tmp/after.xml
+ after_raw=9fe03d4c582eeadc6537e88807e7a17c1247845c
+ '[' -n 9fe03d4c582eeadc6537e88807e7a17c1247845c ']'
+ '[' 9fe03d4c582eeadc6537e88807e7a17c1247845c = 9fe03d4c582eeadc6537e88807e7a17c1247845c ']'
+ echo '       (no screen change -> no BACK)'
       (no screen change -> no BACK)
+ continue
+ IFS=$'\t'
+ read -r x y label
+ '[' -z 77 ']'
+ i=3
+ echo '    -> tap#3 (77,154) android.widget.ImageButton | Show navigation drawer'
    -> tap#3 (77,154) android.widget.ImageButton | Show navigation drawer
+ run_root 'input tap 77 154'
+ true
+ sleep 2.0
+ local after_xml=/sdcard/cfl_watch/map/2025-12-31_09-36-12/tmp/after.xml
+ local after_png=/sdcard/cfl_watch/map/2025-12-31_09-36-12/tmp/after.png
+ capture_screen /sdcard/cfl_watch/map/2025-12-31_09-36-12/tmp/after.xml /sdcard/cfl_watch/map/2025-12-31_09-36-12/tmp/after.png
+ local out_xml=/sdcard/cfl_watch/map/2025-12-31_09-36-12/tmp/after.xml
+ local out_png=/sdcard/cfl_watch/map/2025-12-31_09-36-12/tmp/after.png
+ run_root 'uiautomator dump --compressed '\''/sdcard/cfl_watch/map/2025-12-31_09-36-12/tmp/after.xml'\'''
+ run_root 'screencap -p '\''/sdcard/cfl_watch/map/2025-12-31_09-36-12/tmp/after.png'\'''
+ return 0
+ local after_raw
++ raw_xml_hash /sdcard/cfl_watch/map/2025-12-31_09-36-12/tmp/after.xml
++ local xml=/sdcard/cfl_watch/map/2025-12-31_09-36-12/tmp/after.xml
++ python - /sdcard/cfl_watch/map/2025-12-31_09-36-12/tmp/after.xml
+ after_raw=9fe03d4c582eeadc6537e88807e7a17c1247845c
+ '[' -n 9fe03d4c582eeadc6537e88807e7a17c1247845c ']'
+ '[' 9fe03d4c582eeadc6537e88807e7a17c1247845c = 9fe03d4c582eeadc6537e88807e7a17c1247845c ']'
+ echo '       (no screen change -> no BACK)'
       (no screen change -> no BACK)
+ continue
+ IFS=$'\t'
+ read -r x y label
++ wc -l
++ tr -d ' '
+ echo '[*] Done. Visited screens: 1'
[*] Done. Visited screens: 1
+ echo '[*] Output: /sdcard/cfl_watch/map/2025-12-31_09-36-12'
[*] Output: /sdcard/cfl_watch/map/2025-12-31_09-36-12
=== END Wed Dec 31 09:36:31 CET 2025 ===
