=== START Wed Dec 31 09:15:45 CET 2025 ===
LOG=/sdcard/cfl_watch/logs/map_2025-12-31_09-15-45.log
[*] Launch CFL (root monkey)
  bash arg: -p
  bash arg: de.hafas.android.cfl
  bash arg: -c
  bash arg: android.intent.category.LAUNCHER
  bash arg: 1
args: [-p, de.hafas.android.cfl, -c, android.intent.category.LAUNCHER, 1]
 arg: "-p"
 arg: "de.hafas.android.cfl"
 arg: "-c"
 arg: "android.intent.category.LAUNCHER"
 arg: "1"
data="de.hafas.android.cfl"
data="android.intent.category.LAUNCHER"
Events injected: 1
## Network stats: elapsed time=47ms (0ms mobile, 0ms wifi, 47ms not connected)
[*] Focus check (best effort)
    mResumedActivity: ActivityRecord{fbf4147 u0 de.hafas.android.cfl/de.hafas.main.HafasApp t73}
Failed to write while dumping service activity: Broken pipe
[*] Run mapper
+ python -
OK patched: /sdcard/cfl_watch/map.sh
+ anged - deeper
/sdcard/cfl_watch/map.sh: line 87: anged: command not found
+ explore -1
/sdcard/cfl_watch/map.sh: line 88: explore: command not found
+ run_root 'input keyevent 4'
+ true
+ sleep 0.8
+ capture_screen '' ''
/sdcard/cfl_watch/map.sh: line 95: capture_screen: command not found
/sdcard/cfl_watch/map.sh: line 98: syntax error near unexpected token `else'
/sdcard/cfl_watch/map.sh: line 98: `    else'
